estudos/OK/hangar_api_15/logs/manifest-merger-debug-report.txt
-- Merging decision tree log ---
manifest
ADDED from src/main/AndroidManifest.xml:2:1-112:12
	package
		ADDED from src/main/AndroidManifest.xml:3:5-33
	android:versionName
		ADDED from src/main/AndroidManifest.xml:7:5-30
		INJECTED from src/main/AndroidManifest.xml
		INJECTED from src/main/AndroidManifest.xml
	xmlns:tools
		ADDED from src/main/AndroidManifest.xml:4:5-51
	android:permission
		ADDED from src/main/AndroidManifest.xml:5:5-67
	android:versionCode
		ADDED from src/main/AndroidManifest.xml:6:5-29
		INJECTED from src/main/AndroidManifest.xml
		INJECTED from src/main/AndroidManifest.xml
	xmlns:android
		ADDED from src/main/AndroidManifest.xml:2:11-69
uses-permission#android.permission.GET_TASKS
ADDED from src/main/AndroidManifest.xml:9:5-10:27
	tools:ignore
		ADDED from src/main/AndroidManifest.xml:10:9-24
	android:name
		ADDED from src/main/AndroidManifest.xml:9:22-65
uses-permission#android.permission.RECEIVE_BOOT_COMPLETED
ADDED from src/main/AndroidManifest.xml:11:5-81
	android:name
		ADDED from src/main/AndroidManifest.xml:11:22-78
uses-permission#com.android.vending.BILLING
ADDED from src/main/AndroidManifest.xml:12:5-67
	android:name
		ADDED from src/main/AndroidManifest.xml:12:22-64
uses-permission#android.permission.PACKAGE_USAGE_STATS
ADDED from src/main/AndroidManifest.xml:13:5-15:47
	tools:ignore
		ADDED from src/main/AndroidManifest.xml:15:9-44
	android:name
		ADDED from src/main/AndroidManifest.xml:14:9-62
application
ADDED from src/main/AndroidManifest.xml:17:5-110:19
MERGED from [com.android.support:support-v13:21.0.0] AndroidManifest.xml:16:5-19
MERGED from [com.android.support:support-v4:21.0.0] AndroidManifest.xml:16:5-19
	android:label
		ADDED from src/main/AndroidManifest.xml:21:9-41
	android:allowBackup
		ADDED from src/main/AndroidManifest.xml:18:9-35
	android:icon
		ADDED from src/main/AndroidManifest.xml:19:9-45
	android:theme
		ADDED from src/main/AndroidManifest.xml:22:9-40
	android:logo
		ADDED from src/main/AndroidManifest.xml:20:9-41
receiver#ca.mimic.apphangar.BootStart
ADDED from src/main/AndroidManifest.xml:23:9-33:20
	android:enabled
		ADDED from src/main/AndroidManifest.xml:25:13-35
	android:exported
		ADDED from src/main/AndroidManifest.xml:26:13-36
	android:name
		ADDED from src/main/AndroidManifest.xml:24:13-56
intent-filter#android.intent.action.BOOT_COMPLETED
ADDED from src/main/AndroidManifest.xml:27:13-29:29
action#android.intent.action.BOOT_COMPLETED
ADDED from src/main/AndroidManifest.xml:28:17-79
	android:name
		ADDED from src/main/AndroidManifest.xml:28:25-76
intent-filter#ca.mimic.hangar.SCREEN_ON_REFRESH
ADDED from src/main/AndroidManifest.xml:30:13-32:29
action#ca.mimic.hangar.SCREEN_ON_REFRESH
ADDED from src/main/AndroidManifest.xml:31:17-76
	android:name
		ADDED from src/main/AndroidManifest.xml:31:25-73
receiver#ca.mimic.apphangar.StatsWidget
ADDED from src/main/AndroidManifest.xml:34:9-48:20
	android:label
		ADDED from src/main/AndroidManifest.xml:37:13-54
	android:icon
		ADDED from src/main/AndroidManifest.xml:36:13-49
	android:name
		ADDED from src/main/AndroidManifest.xml:35:13-58
intent-filter#android.appwidget.action.APPWIDGET_UPDATE
ADDED from src/main/AndroidManifest.xml:38:13-40:29
action#android.appwidget.action.APPWIDGET_UPDATE
ADDED from src/main/AndroidManifest.xml:39:17-84
	android:name
		ADDED from src/main/AndroidManifest.xml:39:25-81
intent-filter#android.intent.action.CONFIGURATION_CHANGED
ADDED from src/main/AndroidManifest.xml:41:13-43:29
action#android.intent.action.CONFIGURATION_CHANGED
ADDED from src/main/AndroidManifest.xml:42:17-86
	android:name
		ADDED from src/main/AndroidManifest.xml:42:25-83
meta-data#android.appwidget.provider
ADDED from src/main/AndroidManifest.xml:45:13-47:55
	android:resource
		ADDED from src/main/AndroidManifest.xml:47:17-52
	android:name
		ADDED from src/main/AndroidManifest.xml:46:17-58
receiver#ca.mimic.apphangar.AppsWidget
ADDED from src/main/AndroidManifest.xml:49:9-63:20
	android:label
		ADDED from src/main/AndroidManifest.xml:52:13-53
	android:icon
		ADDED from src/main/AndroidManifest.xml:51:13-49
	android:name
		ADDED from src/main/AndroidManifest.xml:50:13-57
activity#ca.mimic.apphangar.StatsWidgetSettings
ADDED from src/main/AndroidManifest.xml:65:9-72:20
	android:icon
		ADDED from src/main/AndroidManifest.xml:67:13-49
	android:theme
		ADDED from src/main/AndroidManifest.xml:68:13-44
	android:name
		ADDED from src/main/AndroidManifest.xml:66:13-66
intent-filter#android.appwidget.action.APPWIDGET_CONFIGURE
ADDED from src/main/AndroidManifest.xml:69:13-71:29
action#android.appwidget.action.APPWIDGET_CONFIGURE
ADDED from src/main/AndroidManifest.xml:70:17-87
	android:name
		ADDED from src/main/AndroidManifest.xml:70:25-84
activity#ca.mimic.apphangar.AppsWidgetSettings
ADDED from src/main/AndroidManifest.xml:73:9-80:20
	android:icon
		ADDED from src/main/AndroidManifest.xml:75:13-49
	android:theme
		ADDED from src/main/AndroidManifest.xml:76:13-44
	android:name
		ADDED from src/main/AndroidManifest.xml:74:13-65
service#ca.mimic.apphangar.WatchfulService
ADDED from src/main/AndroidManifest.xml:82:9-87:19
	android:process
		ADDED from src/main/AndroidManifest.xml:86:13-40
	android:exported
		ADDED from src/main/AndroidManifest.xml:85:13-37
	android:icon
		ADDED from src/main/AndroidManifest.xml:84:13-49
	android:name
		ADDED from src/main/AndroidManifest.xml:83:13-62
activity#ca.mimic.apphangar.Settings
ADDED from src/main/AndroidManifest.xml:89:9-100:20
	android:label
		ADDED from src/main/AndroidManifest.xml:92:13-45
	android:launchMode
		ADDED from src/main/AndroidManifest.xml:93:13-43
	android:configChanges
		ADDED from src/main/AndroidManifest.xml:91:13-74
	android:theme
		ADDED from src/main/AndroidManifest.xml:94:13-44
	android:name
		ADDED from src/main/AndroidManifest.xml:90:13-55
intent-filter#android.intent.action.MAIN+android.intent.category.LAUNCHER
ADDED from src/main/AndroidManifest.xml:95:13-99:29
action#android.intent.action.MAIN
ADDED from src/main/AndroidManifest.xml:96:17-69
	android:name
		ADDED from src/main/AndroidManifest.xml:96:25-66
category#android.intent.category.LAUNCHER
ADDED from src/main/AndroidManifest.xml:98:17-77
	android:name
		ADDED from src/main/AndroidManifest.xml:98:27-74
activity#ca.mimic.apphangar.Instructions
ADDED from src/main/AndroidManifest.xml:101:9-109:20
	android:label
		ADDED from src/main/AndroidManifest.xml:103:13-55
	android:parentActivityName
		ADDED from src/main/AndroidManifest.xml:104:13-69
	android:theme
		ADDED from src/main/AndroidManifest.xml:105:13-44
	android:name
		ADDED from src/main/AndroidManifest.xml:102:13-59
meta-data#android.support.PARENT_ACTIVITY
ADDED from src/main/AndroidManifest.xml:106:13-108:44
	android:value
		ADDED from src/main/AndroidManifest.xml:108:17-41
	android:name
		ADDED from src/main/AndroidManifest.xml:107:17-63
uses-sdk
INJECTED from src/main/AndroidManifest.xml reason: use-sdk injection requested
MERGED from [com.android.support:support-v13:21.0.0] AndroidManifest.xml:15:5-43
MERGED from [com.android.support:support-v4:21.0.0] AndroidManifest.xml:15:5-42
	android:targetSdkVersion
		INJECTED from src/main/AndroidManifest.xml
		INJECTED from src/main/AndroidManifest.xml
	android:minSdkVersion
		INJECTED from src/main/AndroidManifest.xml
		INJECTED from src/main/AndroidManifest.xml